<?xml version="1.0" encoding="UTF-8"?>
<!-- Generated by org.testng.reporters.JUnitXMLReporter -->
<testsuite hostname="DESKTOP-96U8LI5" ignored="0" name="Surefire test" tests="4" failures="0" timestamp="24 Jan 2020 13:19:09 GMT" time="0.117" errors="0">
  <testcase name="add" time="0.018" classname="com.qa.tests.DemoTest"/>
  <testcase name="div" time="0.0" classname="com.qa.tests.DemoTest"/>
  <testcase name="multi" time="0.0" classname="com.qa.tests.DemoTest"/>
  <testcase name="sub" time="0.0" classname="com.qa.tests.DemoTest"/>
</testsuite> <!-- Surefire test -->
