<?xml version="1.0" encoding="UTF-8"?>
<testng-results skipped="0" failed="0" ignored="0" total="4" passed="4">
  <reporter-output>
  </reporter-output>
  <suite name="Surefire suite" duration-ms="117" started-at="2020-01-24T13:19:09Z" finished-at="2020-01-24T13:19:09Z">
    <groups>
    </groups>
    <test name="Surefire test" duration-ms="117" started-at="2020-01-24T13:19:09Z" finished-at="2020-01-24T13:19:09Z">
      <class name="com.qa.tests.DemoTest">
        <test-method status="PASS" signature="add()[pri:0, instance:com.qa.tests.DemoTest@22f71333]" name="add" duration-ms="18" started-at="2020-01-24T13:19:09Z" finished-at="2020-01-24T13:19:09Z">
          <reporter-output>
          </reporter-output>
        </test-method> <!-- add -->
        <test-method status="PASS" signature="multi()[pri:0, instance:com.qa.tests.DemoTest@22f71333]" name="multi" duration-ms="0" started-at="2020-01-24T13:19:09Z" finished-at="2020-01-24T13:19:09Z">
          <reporter-output>
          </reporter-output>
        </test-method> <!-- multi -->
        <test-method status="PASS" signature="div()[pri:0, instance:com.qa.tests.DemoTest@22f71333]" name="div" duration-ms="0" started-at="2020-01-24T13:19:09Z" finished-at="2020-01-24T13:19:09Z">
          <reporter-output>
          </reporter-output>
        </test-method> <!-- div -->
        <test-method status="PASS" signature="sub()[pri:0, instance:com.qa.tests.DemoTest@22f71333]" name="sub" duration-ms="0" started-at="2020-01-24T13:19:09Z" finished-at="2020-01-24T13:19:09Z">
          <reporter-output>
          </reporter-output>
        </test-method> <!-- sub -->
      </class> <!-- com.qa.tests.DemoTest -->
    </test> <!-- Surefire test -->
  </suite> <!-- Surefire suite -->
</testng-results>
